[20:47:49] [Server thread/INFO]: Starting minecraft server version 1.7.10
[20:47:53] [Server thread/INFO]: Loading properties
[20:47:53] [Server thread/INFO]: Default game type: SURVIVAL
[20:47:53] [Server thread/INFO]: Generating keypair
[20:47:53] [Server thread/INFO]: Starting Minecraft server on *:25565
[20:47:53] [Server thread/INFO]: Preparing level "world"
[20:47:54] [Server thread/INFO]: Preparing start region for level 0
[20:47:55] [Server thread/INFO]: Done (1.135s)! For help, type "help" or "?"
[20:48:32] [User Authenticator #1/INFO]: UUID of player WINDWOOD is 90128fd7-e611-4771-8961-83f74f954cca
[20:48:32] [Server thread/INFO]: WINDWOOD[/222.106.63.101:50938] logged in with entity id 15 at (4348.4373137449265, 153.0, -13712.691749757973)
[20:48:32] [Server thread/INFO]: WINDWOOD joined the game
[20:54:26] [User Authenticator #2/INFO]: UUID of player WOOG1E_ is b190ddc5-c6fb-4219-9b99-03260299d72a
[20:54:26] [Server thread/INFO]: WOOG1E_[/127.0.0.1:5361] logged in with entity id 122373 at (4350.605898893015, 153.0, -13712.290940098195)
[20:54:26] [Server thread/INFO]: WOOG1E_ joined the game
[21:03:43] [Server thread/INFO]: WOOG1E_ lost connection: TextComponent{text='Disconnected', siblings=[], style=Style{hasParent=false, color=null, bold=null, italic=null, underlined=null, obfuscated=null, clickEvent=null, hoverEvent=null}}
[21:03:43] [Server thread/INFO]: WOOG1E_ left the game
[21:03:46] [User Authenticator #3/INFO]: UUID of player WOOG1E_ is b190ddc5-c6fb-4219-9b99-03260299d72a
[21:03:46] [Server thread/INFO]: WOOG1E_[/61.74.197.94:5470] logged in with entity id 376616 at (4160.535880063792, 159.0, -14345.950640123647)
[21:03:46] [Server thread/INFO]: WOOG1E_ joined the game
[21:08:08] [Server thread/WARN]: Can't keep up! Did the system time change, or is the server overloaded? Running 2324ms behind, skipping 46 tick(s)
[21:09:09] [Server thread/WARN]: WINDWOOD moved too quickly! 17.05725288983558,-0.04743090295039565,-12.286438797058508 (17.05725288983558, 0.04880000061988831, 12.286438797058508)
[21:09:22] [Server thread/INFO]: WOOG1E_ lost connection: TextComponent{text='Disconnected', siblings=[], style=Style{hasParent=false, color=null, bold=null, italic=null, underlined=null, obfuscated=null, clickEvent=null, hoverEvent=null}}
[21:09:22] [Server thread/INFO]: WOOG1E_ left the game
[21:09:25] [User Authenticator #4/INFO]: UUID of player WOOG1E_ is b190ddc5-c6fb-4219-9b99-03260299d72a
[21:09:25] [Server thread/INFO]: WOOG1E_[/61.74.197.94:5496] logged in with entity id 511125 at (3886.0481986503655, 142.0, -14435.13916798336)
[21:09:25] [Server thread/INFO]: WOOG1E_ joined the game
[21:16:02] [Server thread/WARN]: Can't keep up! Did the system time change, or is the server overloaded? Running 2219ms behind, skipping 44 tick(s)
[21:16:13] [Server thread/WARN]: WOOG1E_ moved too quickly! -13.01230845613054,-0.05423447436365336,6.161465535584284 (13.01230845613054, 0.05423447436365336, 6.161465535584284)
[21:16:20] [Server thread/WARN]: Can't keep up! Did the system time change, or is the server overloaded? Running 3524ms behind, skipping 70 tick(s)
[21:17:02] [Server thread/WARN]: Can't keep up! Did the system time change, or is the server overloaded? Running 2158ms behind, skipping 43 tick(s)
[21:17:22] [Server thread/WARN]: Can't keep up! Did the system time change, or is the server overloaded? Running 5783ms behind, skipping 115 tick(s)
[21:18:43] [Server thread/WARN]: WINDWOOD moved too quickly! -27.017257810798583,-0.03323048995397926,18.130622081804177 (27.017257810798583, 0.05904000107765199, 18.130622081804177)
[21:19:07] [Server thread/INFO]: [WOOG1E_: Opped WINDWOOD]
[21:19:16] [Server thread/INFO]: [WOOG1E_: Teleported WOOG1E_ to 2873.5,146.5,-13491.5]
[21:19:34] [Server thread/INFO]: [WINDWOOD: Teleported WINDWOOD to 2895.5,149.5,-13462.5]
[21:21:56] [Server thread/INFO]: [WOOG1E_: Stopping the server]
[21:21:56] [Server thread/INFO]: Stopping server
[21:21:56] [Server thread/INFO]: Saving players
[21:21:56] [Server thread/INFO]: Saving worlds
[21:21:56] [Server thread/INFO]: Saving chunks for level 'world'/DEFAULT
[21:21:56] [Server thread/INFO]: Saving chunks for level 'world'/Nether
[21:21:56] [Server thread/INFO]: Saving chunks for level 'world'/DEFAULT
